<?xml version="1.0" encoding="UTF-8"?>
<!-- Generated by org.testng.reporters.JUnitXMLReporter -->
<testsuite ignored="0" hostname="DESKTOP-SEE9OFQ" failures="0" tests="3" name="Test" time="32.04" errors="0" timestamp="2025-07-26T17:44:26 IST">
  <testcase classname="com.iween.testCases.TCH_01_VerifySearchFunctionalityForHotalForTwoDays" name="myTest" time="7.698"/>
  <testcase classname="com.iween.testCases.TCH_01_VerifySearchFunctionalityForHotalForTwoDays" name="myTest" time="7.399"/>
  <testcase classname="com.iween.testCases.TCH_01_VerifySearchFunctionalityForHotalForTwoDays" name="myTest" time="8.427"/>
</testsuite> <!-- Test -->
