<?xml version="1.0" encoding="UTF-8"?>
<!-- Generated by org.testng.reporters.JUnitXMLReporter -->
<testsuite ignored="0" hostname="DESKTOP-SEE9OFQ" failures="1" tests="3" name="Hotel Search Tests" time="147.945" errors="0" timestamp="2025-08-04T18:38:30 IST">
  <testcase classname="com.iween.TBO_AI_TestCases.TC_01_VerifySearchToBookingFlow" name="myTest" time="47.953">
    <skipped/>
  </testcase> <!-- myTest -->
  <testcase classname="com.iween.TBO_AI_TestCases.TC_01_VerifySearchToBookingFlow" name="myTest" time="45.852">
    <skipped/>
  </testcase> <!-- myTest -->
  <testcase classname="com.iween.TBO_AI_TestCases.TC_01_VerifySearchToBookingFlow" name="myTest" time="47.731">
    <failure type="java.lang.AssertionError" message="Mismatch in detailed flight information.">
      <![CDATA[java.lang.AssertionError: Mismatch in detailed flight information.
at com.iween.pageObjects.FlightDetailsPage.flightInformation(FlightDetailsPage.java:289)
at com.iween.TBO_AI_TestCases.TC_01_VerifySearchToBookingFlow.myTest(TC_01_VerifySearchToBookingFlow.java:104)
at java.base/java.util.ArrayList.forEach(ArrayList.java:1596)
... Removed 26 stack frames]]>
    </failure>
  </testcase> <!-- myTest -->
</testsuite> <!-- Hotel Search Tests -->
