<?xml version="1.0" encoding="UTF-8"?>
<!-- Generated by org.testng.reporters.JUnitXMLReporter -->
<testsuite ignored="0" hostname="DESKTOP-SEE9OFQ" failures="0" tests="2" name="Hotel Search Tests" time="83.539" errors="0" timestamp="2025-08-05T17:46:15 IST">
  <testcase classname="com.iween.TBO_AI_TestCases.TC_01_VerifySearchToBookingFlow" name="myTest" time="36.647">
    <skipped/>
  </testcase> <!-- myTest -->
  <testcase classname="com.iween.TBO_AI_TestCases.TC_01_VerifySearchToBookingFlow" name="myTest" time="42.294"/>
</testsuite> <!-- Hotel Search Tests -->
