<?xml version="1.0" encoding="UTF-8"?>
<!-- Generated by org.testng.reporters.JUnitXMLReporter -->
<testsuite ignored="0" hostname="DESKTOP-SEE9OFQ" failures="1" tests="3" name="Hotel Search Tests" time="111.076" errors="0" timestamp="2025-08-04T12:13:06 IST">
  <testcase classname="com.iween.TBO_AI_TestCases.TC_01_VerifySearchToBookingFlow" name="myTest" time="35.443">
    <skipped/>
  </testcase> <!-- myTest -->
  <testcase classname="com.iween.TBO_AI_TestCases.TC_01_VerifySearchToBookingFlow" name="myTest" time="34.847">
    <skipped/>
  </testcase> <!-- myTest -->
  <testcase classname="com.iween.TBO_AI_TestCases.TC_01_VerifySearchToBookingFlow" name="myTest" time="33.804">
    <failure type="java.lang.AssertionError" message="Flight search details did not match user input.">
      <![CDATA[java.lang.AssertionError: Flight search details did not match user input.
at com.iween.pageObjects.resultPage.validateFlightDeatails(resultPage.java:406)
at com.iween.TBO_AI_TestCases.TC_01_VerifySearchToBookingFlow.myTest(TC_01_VerifySearchToBookingFlow.java:89)
at java.base/java.util.ArrayList.forEach(ArrayList.java:1596)
... Removed 30 stack frames]]>
    </failure>
  </testcase> <!-- myTest -->
</testsuite> <!-- Hotel Search Tests -->
