<?xml version="1.0" encoding="UTF-8"?>
<!-- Generated by org.testng.reporters.JUnitXMLReporter -->
<testsuite ignored="0" hostname="DESKTOP-SEE9OFQ" failures="1" tests="3" name="Hotel Search Tests" time="5.862" errors="0" timestamp="2025-08-08T12:12:00 IST">
  <testcase classname="com.iween.TBO_AI_TestCases.TC_01_VerifySearchToBookingFlow" name="myTest" time="0.006">
    <skipped/>
  </testcase> <!-- myTest -->
  <testcase classname="com.iween.TBO_AI_TestCases.TC_01_VerifySearchToBookingFlow" name="myTest" time="0.001">
    <skipped/>
  </testcase> <!-- myTest -->
  <testcase classname="com.iween.TBO_AI_TestCases.TC_01_VerifySearchToBookingFlow" name="myTest" time="0.001">
    <failure type="java.lang.Error" message="Unresolved compilation problem: 
	The method captureAndLogPageSource(ExtentTest) is undefined for the type searchFlightPage
">
      <![CDATA[java.lang.Error: Unresolved compilation problem: 
The method captureAndLogPageSource(ExtentTest) is undefined for the type searchFlightPage

at com.iween.TBO_AI_TestCases.TC_01_VerifySearchToBookingFlow.myTest(TC_01_VerifySearchToBookingFlow.java:63)
at java.base/java.util.ArrayList.forEach(ArrayList.java:1596)
... Removed 29 stack frames]]>
    </failure>
  </testcase> <!-- myTest -->
</testsuite> <!-- Hotel Search Tests -->
